TN:
SF:docs\public\js\login-logica.js
FN:8,(anonymous_0)
FN:18,(anonymous_1)
FN:28,(anonymous_2)
FN:65,(anonymous_3)
FNF:4
FNH:4
FNDA:1,(anonymous_0)
FNDA:1,(anonymous_1)
FNDA:2,(anonymous_2)
FNDA:3,(anonymous_3)
DA:1,1
DA:2,1
DA:3,1
DA:4,1
DA:6,1
DA:9,1
DA:10,1
DA:11,1
DA:12,1
DA:13,1
DA:16,1
DA:19,1
DA:20,1
DA:21,1
DA:22,1
DA:23,1
DA:26,1
DA:29,2
DA:30,2
DA:31,2
DA:33,2
DA:34,2
DA:36,2
DA:38,2
DA:39,2
DA:40,1
DA:41,1
DA:42,1
DA:46,2
DA:47,1
DA:48,1
DA:49,1
DA:52,1
DA:53,1
DA:55,1
DA:56,1
DA:58,1
DA:59,1
DA:60,1
DA:63,1
DA:66,3
DA:67,3
DA:68,3
DA:70,3
DA:71,3
DA:73,3
DA:75,3
DA:76,1
DA:77,1
DA:80,2
DA:81,2
DA:82,1
DA:86,1
DA:87,1
DA:91,2
DA:92,1
DA:94,1
DA:95,1
LF:58
LH:58
BRDA:36,0,0,2
BRDA:36,0,1,1
BRDA:40,1,0,1
BRDA:40,1,1,0
BRDA:46,2,0,1
BRDA:46,2,1,1
BRDA:73,3,0,3
BRDA:73,3,1,1
BRDA:75,4,0,1
BRDA:75,4,1,2
BRDA:75,5,0,3
BRDA:75,5,1,1
BRDA:82,6,0,1
BRDA:82,6,1,0
BRDA:83,7,0,1
BRDA:83,7,1,1
BRDA:91,8,0,1
BRDA:91,8,1,1
BRF:18
BRH:16
end_of_record
